<?xml version="1.0" encoding="UTF-8"?>
<testng-results ignored="0" total="2" passed="2" failed="0" skipped="0">
  <reporter-output>
  </reporter-output>
  <suite started-at="2018-10-04T10:04:49Z" name="Default suite" finished-at="2018-10-04T10:05:13Z" duration-ms="24097">
    <groups>
    </groups>
    <test started-at="2018-10-04T10:04:49Z" name="Default test" finished-at="2018-10-04T10:05:13Z" duration-ms="24097">
      <class name="com.webtestclasses.TCFacebookPost">
        <test-method is-config="true" signature="setUP()[pri:0, instance:com.webtestclasses.TCFacebookPost@7d61eb55]" started-at="2018-10-04T15:34:49Z" name="setUP" finished-at="2018-10-04T15:34:56Z" duration-ms="7674" status="PASS">
          <reporter-output>
          </reporter-output>
        </test-method> <!-- setUP -->
        <test-method signature="loginTest()[pri:1, instance:com.webtestclasses.TCFacebookPost@7d61eb55]" started-at="2018-10-04T15:34:56Z" name="loginTest" finished-at="2018-10-04T15:35:03Z" duration-ms="6778" status="PASS">
          <reporter-output>
          </reporter-output>
        </test-method> <!-- loginTest -->
        <test-method signature="postTest()[pri:2, instance:com.webtestclasses.TCFacebookPost@7d61eb55]" started-at="2018-10-04T15:35:03Z" name="postTest" finished-at="2018-10-04T15:35:12Z" duration-ms="8558" status="PASS">
          <reporter-output>
          </reporter-output>
        </test-method> <!-- postTest -->
        <test-method is-config="true" signature="tearDown()[pri:0, instance:com.webtestclasses.TCFacebookPost@7d61eb55]" started-at="2018-10-04T15:35:12Z" name="tearDown" finished-at="2018-10-04T15:35:13Z" duration-ms="1071" status="PASS">
          <reporter-output>
          </reporter-output>
        </test-method> <!-- tearDown -->
      </class> <!-- com.webtestclasses.TCFacebookPost -->
    </test> <!-- Default test -->
  </suite> <!-- Default suite -->
</testng-results>
